<?xml version="1.0" encoding="UTF-8"?>
<!-- Generated by org.testng.reporters.JUnitReportReporter -->
<testsuite hostname="Eva" failures="0" tests="1" name="restAssuredPractice.test1" time="1.996" errors="0" timestamp="2024-03-07T16:32:20 EST" skipped="0">
  <testcase classname="restAssuredPractice.test1" name="test2" time="1.996"/>
</testsuite> <!-- restAssuredPractice.test1 -->
